<?xml version="1.0" encoding="UTF-8"?>
<testng-results ignored="0" total="2" passed="2" failed="0" skipped="0">
  <reporter-output>
    <line>
      <![CDATA[[INFO ] [2022-05-25 14:40:05,777] Pre-condition - Step 01:Init browser and go to Homepage to: https://demo.nopcommerce.com/
]]>
    </line>
    <line>
      <![CDATA[[INFO ] [2022-05-25 14:40:05,777] Pre-condition - Step 01:Init browser and go to Homepage to: https://demo.nopcommerce.com/
]]>
    </line>
    <line>
      <![CDATA[[INFO ] [2022-05-25 14:40:14,037] Browser name and version is: chrome 101.0.4951.41
]]>
    </line>
    <line>
      <![CDATA[[INFO ] [2022-05-25 14:40:14,178] TC_01_Register_With_Valid_User_Name_Password - Step 1: Click on 'Register' field 
]]>
    </line>
    <line>
      <![CDATA[[INFO ] [2022-05-25 14:40:19,383] Browser name and version is: firefox 99.0.1
]]>
    </line>
    <line>
      <![CDATA[[INFO ] [2022-05-25 14:40:19,388] TC_01_Register_With_Valid_User_Name_Password - Step 1: Click on 'Register' field 
]]>
    </line>
    <line>
      <![CDATA[[INFO ] [2022-05-25 14:40:31,249] TC_01_Register_With_Valid_User_Name_Password - Step 2: Select gender
]]>
    </line>
    <line>
      <![CDATA[[INFO ] [2022-05-25 14:40:31,507] TC_01_Register_With_Valid_User_Name_Password - Step 3: Input 'first name' textbox
]]>
    </line>
    <line>
      <![CDATA[[INFO ] [2022-05-25 14:40:31,824] TC_01_Register_With_Valid_User_Name_Password - Step 4: Input 'last name' textbox 
]]>
    </line>
    <line>
      <![CDATA[[INFO ] [2022-05-25 14:40:32,146] TC_01_Register_With_Valid_User_Name_Password - Step 5: Input 'email' textbox 
]]>
    </line>
    <line>
      <![CDATA[[INFO ] [2022-05-25 14:40:32,422] TC_01_Register_With_Valid_User_Name_Password - Step 6: Input 'password' textbox 
]]>
    </line>
    <line>
      <![CDATA[[INFO ] [2022-05-25 14:40:32,667] TC_01_Register_With_Valid_User_Name_Password - Step 7: Input 'confirm password' textbox 
]]>
    </line>
    <line>
      <![CDATA[[INFO ] [2022-05-25 14:40:32,936] TC_01_Register_With_Valid_User_Name_Password - Step 8: Click on 'Register' field 
]]>
    </line>
    <line>
      <![CDATA[[INFO ] [2022-05-25 14:40:34,201] TC_01_Register_With_Valid_User_Name_Password - Step 9: Verify register successful msg is displayed 
]]>
    </line>
    <line>
      <![CDATA[[INFO ] [2022-05-25 14:40:34,378]  -------------------------- PASSED -------------------------- 
]]>
    </line>
    <line>
      <![CDATA[[INFO ] [2022-05-25 14:40:34,581] Close browser
]]>
    </line>
    <line>
      <![CDATA[[INFO ] [2022-05-25 14:40:34,581] OS name = windows 10
]]>
    </line>
    <line>
      <![CDATA[[INFO ] [2022-05-25 14:40:34,581] Driver instance name = windows 10
]]>
    </line>
    <line>
      <![CDATA[[INFO ] [2022-05-25 14:40:36,257] TC_01_Register_With_Valid_User_Name_Password - Step 2: Select gender
]]>
    </line>
    <line>
      <![CDATA[[INFO ] [2022-05-25 14:40:36,586] TC_01_Register_With_Valid_User_Name_Password - Step 3: Input 'first name' textbox
]]>
    </line>
    <line>
      <![CDATA[[INFO ] [2022-05-25 14:40:36,787] TC_01_Register_With_Valid_User_Name_Password - Step 4: Input 'last name' textbox 
]]>
    </line>
    <line>
      <![CDATA[[INFO ] [2022-05-25 14:40:36,986] TC_01_Register_With_Valid_User_Name_Password - Step 5: Input 'email' textbox 
]]>
    </line>
    <line>
      <![CDATA[[INFO ] [2022-05-25 14:40:37,285] TC_01_Register_With_Valid_User_Name_Password - Step 6: Input 'password' textbox 
]]>
    </line>
    <line>
      <![CDATA[[INFO ] [2022-05-25 14:40:37,474] TC_01_Register_With_Valid_User_Name_Password - Step 7: Input 'confirm password' textbox 
]]>
    </line>
    <line>
      <![CDATA[[INFO ] [2022-05-25 14:40:37,714] TC_01_Register_With_Valid_User_Name_Password - Step 8: Click on 'Register' field 
]]>
    </line>
    <line>
      <![CDATA[[INFO ] [2022-05-25 14:40:38,824] TC_01_Register_With_Valid_User_Name_Password - Step 9: Verify register successful msg is displayed 
]]>
    </line>
    <line>
      <![CDATA[[INFO ] [2022-05-25 14:40:39,095]  -------------------------- PASSED -------------------------- 
]]>
    </line>
    <line>
      <![CDATA[[INFO ] [2022-05-25 14:40:39,116] Close browser
]]>
    </line>
    <line>
      <![CDATA[[INFO ] [2022-05-25 14:40:39,116] OS name = windows 10
]]>
    </line>
    <line>
      <![CDATA[[INFO ] [2022-05-25 14:40:39,116] Driver instance name = windows 10
]]>
    </line>
  </reporter-output>
  <suite started-at="2022-05-25T07:40:05Z" name="Run Test Case Class" finished-at="2022-05-25T07:40:40Z" duration-ms="34487">
    <groups>
    </groups>
    <test started-at="2022-05-25T07:40:05Z" name="Run on remote local remote_chrome" finished-at="2022-05-25T07:40:35Z" duration-ms="29570">
      <class name="user.demo.nopcommerce.com.TC_01_Register">
        <test-method is-config="true" signature="initBrowser(java.lang.String, java.lang.String, java.lang.String, java.lang.String)[pri:0, instance:user.demo.nopcommerce.com.TC_01_Register@20e6c4dc]" started-at="2022-05-25T07:40:05Z" name="initBrowser" finished-at="2022-05-25T07:40:14Z" duration-ms="8325" status="PASS">
          <params>
            <param index="0">
              <value>
                <![CDATA[remote_chrome]]>
              </value>
            </param>
            <param index="1">
              <value>
                <![CDATA[https://demo.nopcommerce.com/]]>
              </value>
            </param>
            <param index="2">
              <value>
                <![CDATA[localhost]]>
              </value>
            </param>
            <param index="3">
              <value>
                <![CDATA[4444]]>
              </value>
            </param>
          </params>
          <reporter-output>
            <line>
              <![CDATA[[INFO ] [2022-05-25 14:40:05,777] Pre-condition - Step 01:Init browser and go to Homepage to: https://demo.nopcommerce.com/
]]>
            </line>
            <line>
              <![CDATA[[INFO ] [2022-05-25 14:40:14,037] Browser name and version is: chrome 101.0.4951.41
]]>
            </line>
          </reporter-output>
        </test-method> <!-- initBrowser -->
        <test-method signature="TC_01_Register_With_Valid_Data()[pri:0, instance:user.demo.nopcommerce.com.TC_01_Register@20e6c4dc]" started-at="2022-05-25T07:40:14Z" name="TC_01_Register_With_Valid_Data" finished-at="2022-05-25T07:40:34Z" duration-ms="20308" status="PASS">
          <reporter-output>
            <line>
              <![CDATA[[INFO ] [2022-05-25 14:40:14,178] TC_01_Register_With_Valid_User_Name_Password - Step 1: Click on 'Register' field 
]]>
            </line>
            <line>
              <![CDATA[[INFO ] [2022-05-25 14:40:31,249] TC_01_Register_With_Valid_User_Name_Password - Step 2: Select gender
]]>
            </line>
            <line>
              <![CDATA[[INFO ] [2022-05-25 14:40:31,507] TC_01_Register_With_Valid_User_Name_Password - Step 3: Input 'first name' textbox
]]>
            </line>
            <line>
              <![CDATA[[INFO ] [2022-05-25 14:40:31,824] TC_01_Register_With_Valid_User_Name_Password - Step 4: Input 'last name' textbox 
]]>
            </line>
            <line>
              <![CDATA[[INFO ] [2022-05-25 14:40:32,146] TC_01_Register_With_Valid_User_Name_Password - Step 5: Input 'email' textbox 
]]>
            </line>
            <line>
              <![CDATA[[INFO ] [2022-05-25 14:40:32,422] TC_01_Register_With_Valid_User_Name_Password - Step 6: Input 'password' textbox 
]]>
            </line>
            <line>
              <![CDATA[[INFO ] [2022-05-25 14:40:32,667] TC_01_Register_With_Valid_User_Name_Password - Step 7: Input 'confirm password' textbox 
]]>
            </line>
            <line>
              <![CDATA[[INFO ] [2022-05-25 14:40:32,936] TC_01_Register_With_Valid_User_Name_Password - Step 8: Click on 'Register' field 
]]>
            </line>
            <line>
              <![CDATA[[INFO ] [2022-05-25 14:40:34,201] TC_01_Register_With_Valid_User_Name_Password - Step 9: Verify register successful msg is displayed 
]]>
            </line>
            <line>
              <![CDATA[[INFO ] [2022-05-25 14:40:34,378]  -------------------------- PASSED -------------------------- 
]]>
            </line>
          </reporter-output>
        </test-method> <!-- TC_01_Register_With_Valid_Data -->
        <test-method is-config="true" signature="afterClass()[pri:0, instance:user.demo.nopcommerce.com.TC_01_Register@20e6c4dc]" started-at="2022-05-25T07:40:34Z" name="afterClass" finished-at="2022-05-25T07:40:35Z" duration-ms="691" status="PASS">
          <reporter-output>
            <line>
              <![CDATA[[INFO ] [2022-05-25 14:40:34,581] Close browser
]]>
            </line>
            <line>
              <![CDATA[[INFO ] [2022-05-25 14:40:34,581] OS name = windows 10
]]>
            </line>
            <line>
              <![CDATA[[INFO ] [2022-05-25 14:40:34,581] Driver instance name = windows 10
]]>
            </line>
          </reporter-output>
        </test-method> <!-- afterClass -->
      </class> <!-- user.demo.nopcommerce.com.TC_01_Register -->
    </test> <!-- Run on remote local remote_chrome -->
    <test started-at="2022-05-25T07:40:05Z" name="Run on remote local remote_ff" finished-at="2022-05-25T07:40:40Z" duration-ms="34487">
      <class name="user.demo.nopcommerce.com.TC_01_Register">
        <test-method is-config="true" signature="initBrowser(java.lang.String, java.lang.String, java.lang.String, java.lang.String)[pri:0, instance:user.demo.nopcommerce.com.TC_01_Register@77010a30]" started-at="2022-05-25T07:40:05Z" name="initBrowser" finished-at="2022-05-25T07:40:19Z" duration-ms="13657" status="PASS">
          <params>
            <param index="0">
              <value>
                <![CDATA[remote_firefox]]>
              </value>
            </param>
            <param index="1">
              <value>
                <![CDATA[https://demo.nopcommerce.com/]]>
              </value>
            </param>
            <param index="2">
              <value>
                <![CDATA[localhost]]>
              </value>
            </param>
            <param index="3">
              <value>
                <![CDATA[4444]]>
              </value>
            </param>
          </params>
          <reporter-output>
            <line>
              <![CDATA[[INFO ] [2022-05-25 14:40:05,777] Pre-condition - Step 01:Init browser and go to Homepage to: https://demo.nopcommerce.com/
]]>
            </line>
            <line>
              <![CDATA[[INFO ] [2022-05-25 14:40:19,383] Browser name and version is: firefox 99.0.1
]]>
            </line>
          </reporter-output>
        </test-method> <!-- initBrowser -->
        <test-method signature="TC_01_Register_With_Valid_Data()[pri:0, instance:user.demo.nopcommerce.com.TC_01_Register@77010a30]" started-at="2022-05-25T07:40:19Z" name="TC_01_Register_With_Valid_Data" finished-at="2022-05-25T07:40:39Z" duration-ms="19710" status="PASS">
          <reporter-output>
            <line>
              <![CDATA[[INFO ] [2022-05-25 14:40:19,388] TC_01_Register_With_Valid_User_Name_Password - Step 1: Click on 'Register' field 
]]>
            </line>
            <line>
              <![CDATA[[INFO ] [2022-05-25 14:40:36,257] TC_01_Register_With_Valid_User_Name_Password - Step 2: Select gender
]]>
            </line>
            <line>
              <![CDATA[[INFO ] [2022-05-25 14:40:36,586] TC_01_Register_With_Valid_User_Name_Password - Step 3: Input 'first name' textbox
]]>
            </line>
            <line>
              <![CDATA[[INFO ] [2022-05-25 14:40:36,787] TC_01_Register_With_Valid_User_Name_Password - Step 4: Input 'last name' textbox 
]]>
            </line>
            <line>
              <![CDATA[[INFO ] [2022-05-25 14:40:36,986] TC_01_Register_With_Valid_User_Name_Password - Step 5: Input 'email' textbox 
]]>
            </line>
            <line>
              <![CDATA[[INFO ] [2022-05-25 14:40:37,285] TC_01_Register_With_Valid_User_Name_Password - Step 6: Input 'password' textbox 
]]>
            </line>
            <line>
              <![CDATA[[INFO ] [2022-05-25 14:40:37,474] TC_01_Register_With_Valid_User_Name_Password - Step 7: Input 'confirm password' textbox 
]]>
            </line>
            <line>
              <![CDATA[[INFO ] [2022-05-25 14:40:37,714] TC_01_Register_With_Valid_User_Name_Password - Step 8: Click on 'Register' field 
]]>
            </line>
            <line>
              <![CDATA[[INFO ] [2022-05-25 14:40:38,824] TC_01_Register_With_Valid_User_Name_Password - Step 9: Verify register successful msg is displayed 
]]>
            </line>
            <line>
              <![CDATA[[INFO ] [2022-05-25 14:40:39,095]  -------------------------- PASSED -------------------------- 
]]>
            </line>
          </reporter-output>
        </test-method> <!-- TC_01_Register_With_Valid_Data -->
        <test-method is-config="true" signature="afterClass()[pri:0, instance:user.demo.nopcommerce.com.TC_01_Register@77010a30]" started-at="2022-05-25T07:40:39Z" name="afterClass" finished-at="2022-05-25T07:40:40Z" duration-ms="1075" status="PASS">
          <reporter-output>
            <line>
              <![CDATA[[INFO ] [2022-05-25 14:40:39,116] Close browser
]]>
            </line>
            <line>
              <![CDATA[[INFO ] [2022-05-25 14:40:39,116] OS name = windows 10
]]>
            </line>
            <line>
              <![CDATA[[INFO ] [2022-05-25 14:40:39,116] Driver instance name = windows 10
]]>
            </line>
          </reporter-output>
        </test-method> <!-- afterClass -->
      </class> <!-- user.demo.nopcommerce.com.TC_01_Register -->
    </test> <!-- Run on remote local remote_ff -->
  </suite> <!-- Run Test Case Class -->
</testng-results>
