<?xml version="1.0" encoding="UTF-8"?>
<testsuite xmlns:xsi="http://www.w3.org/2001/XMLSchema-instance" xsi:noNamespaceSchemaLocation="https://maven.apache.org/surefire/maven-surefire-plugin/xsd/surefire-test-report.xsd" name="TestSuite" time="7.635" tests="3" errors="0" skipped="1" failures="2">
  <properties>
[...]
</properties>
  <testcase name="initBrowser" classname="user.demo.nopcommerce.com.TC_01_Register" time="6.997">
    <failure message="Could not start a new session. Possible causes are invalid address of the remote server or browser start-up failure.&#10;Build info: version: &apos;3.141.59&apos;, revision: &apos;e82be7d358&apos;, time: &apos;2018-11-14T08:17:03&apos;&#10;System info: host: &apos;VINHNNB&apos;, ip: &apos;172.22.192.1&apos;, os.name: &apos;Windows 10&apos;, os.arch: &apos;amd64&apos;, os.version: &apos;10.0&apos;, java.version: &apos;11.0.11&apos;&#10;Driver info: driver.version: RemoteWebDriver" type="org.openqa.selenium.remote.UnreachableBrowserException">org.openqa.selenium.remote.UnreachableBrowserException: 
Could not start a new session. Possible causes are invalid address of the remote server or browser start-up failure.
Build info: version: '3.141.59', revision: 'e82be7d358', time: '2018-11-14T08:17:03'
System info: host: 'VINHNNB', ip: '172.22.192.1', os.name: 'Windows 10', os.arch: 'amd64', os.version: '10.0', java.version: '11.0.11'
Driver info: driver.version: RemoteWebDriver
	at user.demo.nopcommerce.com.TC_01_Register.initBrowser(TC_01_Register.java:21)
Caused by: java.net.ConnectException: Failed to connect to mgmdaddeevm01/10.55.6.28:80
	at user.demo.nopcommerce.com.TC_01_Register.initBrowser(TC_01_Register.java:21)
Caused by: java.net.ConnectException: Connection refused: connect
	at user.demo.nopcommerce.com.TC_01_Register.initBrowser(TC_01_Register.java:21)
</failure>
    <system-out><![CDATA[[TestNGContentHandler] [WARN] It is strongly recommended to add "<!DOCTYPE suite SYSTEM "http://testng.org/testng-1.0.dtd" >" at the top of your file, otherwise TestNG may fail or not work as expected.
[INFO ] [2022-05-19 15:46:56,748] Pre-condition - Step 01:Init browser and go to Homepage to: https://demo.nopcommerce.com/
]]></system-out>
    <system-err><![CDATA[SLF4J: Failed to load class "org.slf4j.impl.StaticLoggerBinder".
SLF4J: Defaulting to no-operation (NOP) logger implementation
SLF4J: See http://www.slf4j.org/codes.html#StaticLoggerBinder for further details.
May 19, 2022 3:46:57 PM org.openqa.selenium.remote.DesiredCapabilities chrome
INFO: Using `new ChromeOptions()` is preferred to `DesiredCapabilities.chrome()`
]]></system-err>
  </testcase>
  <testcase name="TC_01_Register_With_Valid_Data" classname="user.demo.nopcommerce.com.TC_01_Register" time="0">
    <skipped message="Could not start a new session. Possible causes are invalid address of the remote server or browser start-up failure.&#10;Build info: version: &apos;3.141.59&apos;, revision: &apos;e82be7d358&apos;, time: &apos;2018-11-14T08:17:03&apos;&#10;System info: host: &apos;VINHNNB&apos;, ip: &apos;172.22.192.1&apos;, os.name: &apos;Windows 10&apos;, os.arch: &apos;amd64&apos;, os.version: &apos;10.0&apos;, java.version: &apos;11.0.11&apos;&#10;Driver info: driver.version: RemoteWebDriver"/>
  </testcase>
  <testcase name="afterClass" classname="user.demo.nopcommerce.com.TC_01_Register" time="7.071">
    <failure message="Empty command" type="java.lang.IllegalArgumentException">java.lang.IllegalArgumentException: Empty command
	at user.demo.nopcommerce.com.TC_01_Register.afterClass(TC_01_Register.java:68)
</failure>
    <system-out><![CDATA[[INFO ] [2022-05-19 15:47:00,674] Close browser
[INFO ] [2022-05-19 15:47:00,675] OS name = windows 10
[INFO ] [2022-05-19 15:47:00,675] 
]]></system-out>
  </testcase>
</testsuite>